<?xml version="1.0" encoding="UTF-8"?>
<testsuite xmlns:xsi="http://www.w3.org/2001/XMLSchema-instance" xsi:noNamespaceSchemaLocation="https://maven.apache.org/surefire/maven-surefire-plugin/xsd/surefire-test-report-3.0.xsd" version="3.0" name="com.bbc.sarvilo.SarviloApplicationTests" time="4.167" tests="1" errors="0" skipped="0" failures="0">
  <properties>
[...]
</properties>
  <testcase name="contextLoads" classname="com.bbc.sarvilo.SarviloApplicationTests" time="1.191">
    <system-out><![CDATA[22:27:32.434 [main] INFO org.springframework.test.context.support.AnnotationConfigContextLoaderUtils -- Could not detect default configuration classes for test class [com.bbc.sarvilo.SarviloApplicationTests]: SarviloApplicationTests does not declare any static, non-private, non-final, nested classes annotated with @Configuration.
22:27:32.597 [main] INFO org.springframework.boot.test.context.SpringBootTestContextBootstrapper -- Found @SpringBootConfiguration com.bbc.sarvilo.SarviloApplication for test class com.bbc.sarvilo.SarviloApplicationTests

  .   ____          _            __ _ _
 /\\ / ___'_ __ _ _(_)_ __  __ _ \ \ \ \
( ( )\___ | '_ | '_| | '_ \/ _` | \ \ \ \
 \\/  ___)| |_)| | | | | || (_| |  ) ) ) )
  '  |____| .__|_| |_|_| |_\__, | / / / /
 =========|_|==============|___/=/_/_/_/
 :: Spring Boot ::                (v3.1.8)

2025-08-27T22:27:33.261+05:30  INFO 2844 --- [           main] c.bbc.sarvilo.SarviloApplicationTests    : Starting SarviloApplicationTests using Java 17.0.12 with PID 2844 (started by bharg in D:\campusHRMS\Sarvilo)
2025-08-27T22:27:33.263+05:30  INFO 2844 --- [           main] c.bbc.sarvilo.SarviloApplicationTests    : No active profile set, falling back to 1 default profile: "default"
2025-08-27T22:27:35.153+05:30  INFO 2844 --- [           main] c.bbc.sarvilo.SarviloApplicationTests    : Started SarviloApplicationTests in 2.308 seconds (process running for 3.835)
]]></system-out>
  </testcase>
</testsuite>